
*** Running vivado
    with args -log Contador_hexbin.vds -m64 -product Vivado -mode batch -messageDb vivado.pb -notrace -source Contador_hexbin.tcl


****** Vivado v2018.3 (64-bit)
  **** SW Build 2405991 on Thu Dec  6 23:36:41 MST 2018
  **** IP Build 2404404 on Fri Dec  7 01:43:56 MST 2018
    ** Copyright 1986-2018 Xilinx, Inc. All Rights Reserved.

source Contador_hexbin.tcl -notrace
Command: synth_design -top Contador_hexbin -part xc7a35tcpg236-1
Starting synth_design
Attempting to get a license for feature 'Synthesis' and/or device 'xc7a35t'
INFO: [Common 17-349] Got license for feature 'Synthesis' and/or device 'xc7a35t'
INFO: Launching helper process for spawning children vivado processes
INFO: Helper process launched with PID 25849 
---------------------------------------------------------------------------------
Starting RTL Elaboration : Time (s): cpu = 00:00:04 ; elapsed = 00:00:05 . Memory (MB): peak = 1360.734 ; gain = 13.914 ; free physical = 1266 ; free virtual = 2863
---------------------------------------------------------------------------------
INFO: [Synth 8-638] synthesizing module 'Contador_hexbin' [/home/axel/Documentos/Contador hexbin/Contador hexbin.vhd:50]
WARNING: [Synth 8-6014] Unused sequential element displayActual_reg was removed.  [/home/axel/Documentos/Contador hexbin/Contador hexbin.vhd:75]
WARNING: [Synth 8-6014] Unused sequential element contando_reg was removed.  [/home/axel/Documentos/Contador hexbin/Contador hexbin.vhd:90]
WARNING: [Synth 8-6014] Unused sequential element accionActual_reg was removed.  [/home/axel/Documentos/Contador hexbin/Contador hexbin.vhd:95]
WARNING: [Synth 8-3848] Net display in module/entity Contador_hexbin does not have driver. [/home/axel/Documentos/Contador hexbin/Contador hexbin.vhd:42]
WARNING: [Synth 8-3848] Net led in module/entity Contador_hexbin does not have driver. [/home/axel/Documentos/Contador hexbin/Contador hexbin.vhd:43]
WARNING: [Synth 8-3848] Net esHexIndicator in module/entity Contador_hexbin does not have driver. [/home/axel/Documentos/Contador hexbin/Contador hexbin.vhd:45]
INFO: [Synth 8-256] done synthesizing module 'Contador_hexbin' (1#1) [/home/axel/Documentos/Contador hexbin/Contador hexbin.vhd:50]
WARNING: [Synth 8-3331] design Contador_hexbin has unconnected port display[3]
WARNING: [Synth 8-3331] design Contador_hexbin has unconnected port display[2]
WARNING: [Synth 8-3331] design Contador_hexbin has unconnected port display[1]
WARNING: [Synth 8-3331] design Contador_hexbin has unconnected port display[0]
WARNING: [Synth 8-3331] design Contador_hexbin has unconnected port led[6]
WARNING: [Synth 8-3331] design Contador_hexbin has unconnected port led[5]
WARNING: [Synth 8-3331] design Contador_hexbin has unconnected port led[4]
WARNING: [Synth 8-3331] design Contador_hexbin has unconnected port led[3]
WARNING: [Synth 8-3331] design Contador_hexbin has unconnected port led[2]
WARNING: [Synth 8-3331] design Contador_hexbin has unconnected port led[1]
WARNING: [Synth 8-3331] design Contador_hexbin has unconnected port led[0]
WARNING: [Synth 8-3331] design Contador_hexbin has unconnected port esHexIndicator
WARNING: [Synth 8-3331] design Contador_hexbin has unconnected port manager
WARNING: [Synth 8-3331] design Contador_hexbin has unconnected port reset
---------------------------------------------------------------------------------
Finished RTL Elaboration : Time (s): cpu = 00:00:06 ; elapsed = 00:00:07 . Memory (MB): peak = 1406.484 ; gain = 59.664 ; free physical = 1277 ; free virtual = 2874
---------------------------------------------------------------------------------

Report Check Netlist: 
+------+------------------+-------+---------+-------+------------------+
|      |Item              |Errors |Warnings |Status |Description       |
+------+------------------+-------+---------+-------+------------------+
|1     |multi_driven_nets |      0|        0|Passed |Multi driven nets |
+------+------------------+-------+---------+-------+------------------+
---------------------------------------------------------------------------------
Start Handling Custom Attributes
---------------------------------------------------------------------------------
---------------------------------------------------------------------------------
Finished Handling Custom Attributes : Time (s): cpu = 00:00:07 ; elapsed = 00:00:08 . Memory (MB): peak = 1406.484 ; gain = 59.664 ; free physical = 1277 ; free virtual = 2873
---------------------------------------------------------------------------------
---------------------------------------------------------------------------------
Finished RTL Optimization Phase 1 : Time (s): cpu = 00:00:07 ; elapsed = 00:00:08 . Memory (MB): peak = 1406.484 ; gain = 59.664 ; free physical = 1277 ; free virtual = 2873
---------------------------------------------------------------------------------
INFO: [Device 21-403] Loading part xc7a35tcpg236-1
INFO: [Project 1-570] Preparing netlist for logic optimization

Processing XDC Constraints
Initializing timing engine
Parsing XDC File [/home/axel/Documentos/Contador hexbin/cst_Contador hexbin.xdc]
Finished Parsing XDC File [/home/axel/Documentos/Contador hexbin/cst_Contador hexbin.xdc]
INFO: [Project 1-236] Implementation specific constraints were found while reading constraint file [/home/axel/Documentos/Contador hexbin/cst_Contador hexbin.xdc]. These constraints will be ignored for synthesis but will be used in implementation. Impacted constraints are listed in the file [.Xil/Contador_hexbin_propImpl.xdc].
Resolution: To avoid this warning, move constraints listed in [.Xil/Contador_hexbin_propImpl.xdc] to another XDC file and exclude this new file from synthesis with the used_in_synthesis property (File Properties dialog in GUI) and re-run elaboration/synthesis.
Netlist sorting complete. Time (s): cpu = 00:00:00 ; elapsed = 00:00:00 . Memory (MB): peak = 1724.383 ; gain = 0.000 ; free physical = 1037 ; free virtual = 2634
Completed Processing XDC Constraints

Netlist sorting complete. Time (s): cpu = 00:00:00.01 ; elapsed = 00:00:00 . Memory (MB): peak = 1724.383 ; gain = 0.000 ; free physical = 1038 ; free virtual = 2635
INFO: [Project 1-111] Unisim Transformation Summary:
No Unisim elements were transformed.

Netlist sorting complete. Time (s): cpu = 00:00:00 ; elapsed = 00:00:00 . Memory (MB): peak = 1724.383 ; gain = 0.000 ; free physical = 1038 ; free virtual = 2635
Constraint Validation Runtime : Time (s): cpu = 00:00:00 ; elapsed = 00:00:00.01 . Memory (MB): peak = 1724.383 ; gain = 0.000 ; free physical = 1038 ; free virtual = 2635
---------------------------------------------------------------------------------
Finished Constraint Validation : Time (s): cpu = 00:00:19 ; elapsed = 00:00:21 . Memory (MB): peak = 1724.383 ; gain = 377.562 ; free physical = 1104 ; free virtual = 2701
---------------------------------------------------------------------------------
---------------------------------------------------------------------------------
Start Loading Part and Timing Information
---------------------------------------------------------------------------------
Loading part: xc7a35tcpg236-1
---------------------------------------------------------------------------------
Finished Loading Part and Timing Information : Time (s): cpu = 00:00:19 ; elapsed = 00:00:21 . Memory (MB): peak = 1724.383 ; gain = 377.562 ; free physical = 1104 ; free virtual = 2701
---------------------------------------------------------------------------------
---------------------------------------------------------------------------------
Start Applying 'set_property' XDC Constraints
---------------------------------------------------------------------------------
---------------------------------------------------------------------------------
Finished applying 'set_property' XDC Constraints : Time (s): cpu = 00:00:19 ; elapsed = 00:00:21 . Memory (MB): peak = 1724.383 ; gain = 377.562 ; free physical = 1106 ; free virtual = 2703
---------------------------------------------------------------------------------
INFO: [Synth 8-5545] ROM "numeroD1" won't be mapped to RAM because address size (32) is larger than maximum supported(25)
INFO: [Synth 8-5545] ROM "numeroD1" won't be mapped to RAM because address size (32) is larger than maximum supported(25)
INFO: [Synth 8-5545] ROM "numeroD2" won't be mapped to RAM because address size (32) is larger than maximum supported(25)
INFO: [Synth 8-5545] ROM "numeroD2" won't be mapped to RAM because address size (32) is larger than maximum supported(25)
INFO: [Synth 8-5545] ROM "numeroD2" won't be mapped to RAM because address size (32) is larger than maximum supported(25)
INFO: [Synth 8-5545] ROM "numeroD2" won't be mapped to RAM because address size (32) is larger than maximum supported(25)
INFO: [Synth 8-5545] ROM "numeroD3" won't be mapped to RAM because address size (32) is larger than maximum supported(25)
INFO: [Synth 8-5545] ROM "numeroD3" won't be mapped to RAM because address size (32) is larger than maximum supported(25)
INFO: [Synth 8-5545] ROM "numeroD3" won't be mapped to RAM because address size (32) is larger than maximum supported(25)
INFO: [Synth 8-5545] ROM "numeroD3" won't be mapped to RAM because address size (32) is larger than maximum supported(25)
INFO: [Synth 8-5545] ROM "numeroD4" won't be mapped to RAM because address size (32) is larger than maximum supported(25)
INFO: [Synth 8-5545] ROM "numeroD4" won't be mapped to RAM because address size (32) is larger than maximum supported(25)
---------------------------------------------------------------------------------
Finished RTL Optimization Phase 2 : Time (s): cpu = 00:00:19 ; elapsed = 00:00:22 . Memory (MB): peak = 1724.383 ; gain = 377.562 ; free physical = 1097 ; free virtual = 2694
---------------------------------------------------------------------------------

Report RTL Partitions: 
+-+--------------+------------+----------+
| |RTL Partition |Replication |Instances |
+-+--------------+------------+----------+
+-+--------------+------------+----------+
---------------------------------------------------------------------------------
Start RTL Component Statistics 
---------------------------------------------------------------------------------
Detailed RTL Component Info : 
+---Adders : 
	   2 Input     32 Bit       Adders := 3     
+---Registers : 
	               32 Bit    Registers := 3     
	                2 Bit    Registers := 1     
+---Muxes : 
	   2 Input     32 Bit        Muxes := 9     
	   2 Input      1 Bit        Muxes := 29    
---------------------------------------------------------------------------------
Finished RTL Component Statistics 
---------------------------------------------------------------------------------
---------------------------------------------------------------------------------
Start RTL Hierarchical Component Statistics 
---------------------------------------------------------------------------------
Hierarchical RTL Component report 
Module Contador_hexbin 
Detailed RTL Component Info : 
+---Adders : 
	   2 Input     32 Bit       Adders := 3     
+---Registers : 
	               32 Bit    Registers := 3     
	                2 Bit    Registers := 1     
+---Muxes : 
	   2 Input     32 Bit        Muxes := 9     
	   2 Input      1 Bit        Muxes := 29    
---------------------------------------------------------------------------------
Finished RTL Hierarchical Component Statistics
---------------------------------------------------------------------------------
---------------------------------------------------------------------------------
Start Part Resource Summary
---------------------------------------------------------------------------------
Part Resources:
DSPs: 90 (col length:60)
BRAMs: 100 (col length: RAMB18 60 RAMB36 30)
---------------------------------------------------------------------------------
Finished Part Resource Summary
---------------------------------------------------------------------------------
---------------------------------------------------------------------------------
Start Cross Boundary and Area Optimization
---------------------------------------------------------------------------------
Warning: Parallel synthesis criteria is not met 
WARNING: [Synth 8-3331] design Contador_hexbin has unconnected port display[3]
WARNING: [Synth 8-3331] design Contador_hexbin has unconnected port display[2]
WARNING: [Synth 8-3331] design Contador_hexbin has unconnected port display[1]
WARNING: [Synth 8-3331] design Contador_hexbin has unconnected port display[0]
WARNING: [Synth 8-3331] design Contador_hexbin has unconnected port led[6]
WARNING: [Synth 8-3331] design Contador_hexbin has unconnected port led[5]
WARNING: [Synth 8-3331] design Contador_hexbin has unconnected port led[4]
WARNING: [Synth 8-3331] design Contador_hexbin has unconnected port led[3]
WARNING: [Synth 8-3331] design Contador_hexbin has unconnected port led[2]
WARNING: [Synth 8-3331] design Contador_hexbin has unconnected port led[1]
WARNING: [Synth 8-3331] design Contador_hexbin has unconnected port led[0]
WARNING: [Synth 8-3331] design Contador_hexbin has unconnected port esHexIndicator
WARNING: [Synth 8-3331] design Contador_hexbin has unconnected port manager
WARNING: [Synth 8-3331] design Contador_hexbin has unconnected port reset
INFO: [Synth 8-3333] propagating constant 0 across sequential element (\indicador_reg[0] )
INFO: [Synth 8-3333] propagating constant 1 across sequential element (\indicador_reg[1] )
---------------------------------------------------------------------------------
Finished Cross Boundary and Area Optimization : Time (s): cpu = 00:00:20 ; elapsed = 00:00:23 . Memory (MB): peak = 1724.383 ; gain = 377.562 ; free physical = 1095 ; free virtual = 2693
---------------------------------------------------------------------------------

Report RTL Partitions: 
+-+--------------+------------+----------+
| |RTL Partition |Replication |Instances |
+-+--------------+------------+----------+
+-+--------------+------------+----------+
---------------------------------------------------------------------------------
Start Applying XDC Timing Constraints
---------------------------------------------------------------------------------
---------------------------------------------------------------------------------
Finished Applying XDC Timing Constraints : Time (s): cpu = 00:00:34 ; elapsed = 00:00:37 . Memory (MB): peak = 1724.383 ; gain = 377.562 ; free physical = 970 ; free virtual = 2568
---------------------------------------------------------------------------------
---------------------------------------------------------------------------------
Start Timing Optimization
---------------------------------------------------------------------------------
---------------------------------------------------------------------------------
Finished Timing Optimization : Time (s): cpu = 00:00:34 ; elapsed = 00:00:37 . Memory (MB): peak = 1724.383 ; gain = 377.562 ; free physical = 970 ; free virtual = 2568
---------------------------------------------------------------------------------

Report RTL Partitions: 
+-+--------------+------------+----------+
| |RTL Partition |Replication |Instances |
+-+--------------+------------+----------+
+-+--------------+------------+----------+
---------------------------------------------------------------------------------
Start Technology Mapping
---------------------------------------------------------------------------------
---------------------------------------------------------------------------------
Finished Technology Mapping : Time (s): cpu = 00:00:34 ; elapsed = 00:00:37 . Memory (MB): peak = 1724.383 ; gain = 377.562 ; free physical = 969 ; free virtual = 2568
---------------------------------------------------------------------------------

Report RTL Partitions: 
+-+--------------+------------+----------+
| |RTL Partition |Replication |Instances |
+-+--------------+------------+----------+
+-+--------------+------------+----------+
---------------------------------------------------------------------------------
Start IO Insertion
---------------------------------------------------------------------------------
---------------------------------------------------------------------------------
Start Flattening Before IO Insertion
---------------------------------------------------------------------------------
---------------------------------------------------------------------------------
Finished Flattening Before IO Insertion
---------------------------------------------------------------------------------
---------------------------------------------------------------------------------
Start Final Netlist Cleanup
---------------------------------------------------------------------------------
---------------------------------------------------------------------------------
Finished Final Netlist Cleanup
---------------------------------------------------------------------------------
---------------------------------------------------------------------------------
Finished IO Insertion : Time (s): cpu = 00:00:36 ; elapsed = 00:00:39 . Memory (MB): peak = 1724.383 ; gain = 377.562 ; free physical = 969 ; free virtual = 2568
---------------------------------------------------------------------------------

Report Check Netlist: 
+------+------------------+-------+---------+-------+------------------+
|      |Item              |Errors |Warnings |Status |Description       |
+------+------------------+-------+---------+-------+------------------+
|1     |multi_driven_nets |      0|        0|Passed |Multi driven nets |
+------+------------------+-------+---------+-------+------------------+
---------------------------------------------------------------------------------
Start Renaming Generated Instances
---------------------------------------------------------------------------------
---------------------------------------------------------------------------------
Finished Renaming Generated Instances : Time (s): cpu = 00:00:36 ; elapsed = 00:00:39 . Memory (MB): peak = 1724.383 ; gain = 377.562 ; free physical = 969 ; free virtual = 2568
---------------------------------------------------------------------------------

Report RTL Partitions: 
+-+--------------+------------+----------+
| |RTL Partition |Replication |Instances |
+-+--------------+------------+----------+
+-+--------------+------------+----------+
---------------------------------------------------------------------------------
Start Rebuilding User Hierarchy
---------------------------------------------------------------------------------
---------------------------------------------------------------------------------
Finished Rebuilding User Hierarchy : Time (s): cpu = 00:00:36 ; elapsed = 00:00:39 . Memory (MB): peak = 1724.383 ; gain = 377.562 ; free physical = 969 ; free virtual = 2568
---------------------------------------------------------------------------------
---------------------------------------------------------------------------------
Start Renaming Generated Ports
---------------------------------------------------------------------------------
---------------------------------------------------------------------------------
Finished Renaming Generated Ports : Time (s): cpu = 00:00:36 ; elapsed = 00:00:39 . Memory (MB): peak = 1724.383 ; gain = 377.562 ; free physical = 969 ; free virtual = 2568
---------------------------------------------------------------------------------
---------------------------------------------------------------------------------
Start Handling Custom Attributes
---------------------------------------------------------------------------------
---------------------------------------------------------------------------------
Finished Handling Custom Attributes : Time (s): cpu = 00:00:36 ; elapsed = 00:00:39 . Memory (MB): peak = 1724.383 ; gain = 377.562 ; free physical = 969 ; free virtual = 2568
---------------------------------------------------------------------------------
---------------------------------------------------------------------------------
Start Renaming Generated Nets
---------------------------------------------------------------------------------
---------------------------------------------------------------------------------
Finished Renaming Generated Nets : Time (s): cpu = 00:00:36 ; elapsed = 00:00:39 . Memory (MB): peak = 1724.383 ; gain = 377.562 ; free physical = 969 ; free virtual = 2568
---------------------------------------------------------------------------------
---------------------------------------------------------------------------------
Start Writing Synthesis Report
---------------------------------------------------------------------------------

Report BlackBoxes: 
+-+--------------+----------+
| |BlackBox name |Instances |
+-+--------------+----------+
+-+--------------+----------+

Report Cell Usage: 
+------+------+------+
|      |Cell  |Count |
+------+------+------+
|1     |OBUF  |     2|
|2     |OBUFT |    12|
+------+------+------+

Report Instance Areas: 
+------+---------+-------+------+
|      |Instance |Module |Cells |
+------+---------+-------+------+
|1     |top      |       |    14|
+------+---------+-------+------+
---------------------------------------------------------------------------------
Finished Writing Synthesis Report : Time (s): cpu = 00:00:36 ; elapsed = 00:00:39 . Memory (MB): peak = 1724.383 ; gain = 377.562 ; free physical = 969 ; free virtual = 2568
---------------------------------------------------------------------------------
Synthesis finished with 0 errors, 0 critical warnings and 14 warnings.
Synthesis Optimization Runtime : Time (s): cpu = 00:00:29 ; elapsed = 00:00:31 . Memory (MB): peak = 1724.383 ; gain = 59.664 ; free physical = 1024 ; free virtual = 2622
Synthesis Optimization Complete : Time (s): cpu = 00:00:36 ; elapsed = 00:00:39 . Memory (MB): peak = 1724.391 ; gain = 377.562 ; free physical = 1034 ; free virtual = 2632
INFO: [Project 1-571] Translating synthesized netlist
INFO: [Project 1-570] Preparing netlist for logic optimization
INFO: [Opt 31-138] Pushed 0 inverter(s) to 0 load pin(s).
Netlist sorting complete. Time (s): cpu = 00:00:00.01 ; elapsed = 00:00:00 . Memory (MB): peak = 1724.391 ; gain = 0.000 ; free physical = 966 ; free virtual = 2565
INFO: [Project 1-111] Unisim Transformation Summary:
No Unisim elements were transformed.

INFO: [Common 17-83] Releasing license: Synthesis
26 Infos, 34 Warnings, 0 Critical Warnings and 0 Errors encountered.
synth_design completed successfully
synth_design: Time (s): cpu = 00:00:38 ; elapsed = 00:00:41 . Memory (MB): peak = 1724.391 ; gain = 377.656 ; free physical = 1022 ; free virtual = 2621
Netlist sorting complete. Time (s): cpu = 00:00:00 ; elapsed = 00:00:00 . Memory (MB): peak = 1724.391 ; gain = 0.000 ; free physical = 1022 ; free virtual = 2621
WARNING: [Constraints 18-5210] No constraints selected for write.
Resolution: This message can indicate that there are no constraints for the design, or it can indicate that the used_in flags are set such that the constraints are ignored. This later case is used when running synth_design to not write synthesis constraints to the resulting checkpoint. Instead, project constraints are read when the synthesized design is opened.
INFO: [Common 17-1381] The checkpoint '/home/axel/Documentos/Contador hexbin/Contador hexbin.runs/synth_1/Contador_hexbin.dcp' has been generated.
INFO: [runtcl-4] Executing : report_utilization -file Contador_hexbin_utilization_synth.rpt -pb Contador_hexbin_utilization_synth.pb
INFO: [Common 17-206] Exiting Vivado at Tue Apr 23 22:06:20 2019...
