
*** Running vivado
    with args -log Calculadora.vds -m64 -product Vivado -mode batch -messageDb vivado.pb -notrace -source Calculadora.tcl


****** Vivado v2018.3 (64-bit)
  **** SW Build 2405991 on Thu Dec  6 23:36:41 MST 2018
  **** IP Build 2404404 on Fri Dec  7 01:43:56 MST 2018
    ** Copyright 1986-2018 Xilinx, Inc. All Rights Reserved.

source Calculadora.tcl -notrace
Command: synth_design -top Calculadora -part xc7a35tcpg236-1
Starting synth_design
Attempting to get a license for feature 'Synthesis' and/or device 'xc7a35t'
INFO: [Common 17-349] Got license for feature 'Synthesis' and/or device 'xc7a35t'
INFO: Launching helper process for spawning children vivado processes
INFO: Helper process launched with PID 10990 
---------------------------------------------------------------------------------
Starting RTL Elaboration : Time (s): cpu = 00:00:05 ; elapsed = 00:00:06 . Memory (MB): peak = 1360.730 ; gain = 16.914 ; free physical = 513 ; free virtual = 2953
---------------------------------------------------------------------------------
INFO: [Synth 8-638] synthesizing module 'Calculadora' [/home/axel/Documentos/Calculadora/Calculadora.vhd:50]
WARNING: [Synth 8-613] shared variable will be implemented as local to architecture [/home/axel/Documentos/Calculadora/Calculadora.vhd:52]
WARNING: [Synth 8-613] shared variable will be implemented as local to architecture [/home/axel/Documentos/Calculadora/Calculadora.vhd:53]
WARNING: [Synth 8-613] shared variable will be implemented as local to architecture [/home/axel/Documentos/Calculadora/Calculadora.vhd:54]
WARNING: [Synth 8-613] shared variable will be implemented as local to architecture [/home/axel/Documentos/Calculadora/Calculadora.vhd:55]
WARNING: [Synth 8-613] shared variable will be implemented as local to architecture [/home/axel/Documentos/Calculadora/Calculadora.vhd:56]
WARNING: [Synth 8-614] signal 'posicion' is read in the process but is not in the sensitivity list [/home/axel/Documentos/Calculadora/Calculadora.vhd:95]
WARNING: [Synth 8-3848] Net var1 in module/entity Calculadora does not have driver. [/home/axel/Documentos/Calculadora/Calculadora.vhd:52]
WARNING: [Synth 8-3848] Net var2 in module/entity Calculadora does not have driver. [/home/axel/Documentos/Calculadora/Calculadora.vhd:53]
WARNING: [Synth 8-3848] Net var3 in module/entity Calculadora does not have driver. [/home/axel/Documentos/Calculadora/Calculadora.vhd:54]
WARNING: [Synth 8-3848] Net var4 in module/entity Calculadora does not have driver. [/home/axel/Documentos/Calculadora/Calculadora.vhd:55]
WARNING: [Synth 8-3848] Net var5 in module/entity Calculadora does not have driver. [/home/axel/Documentos/Calculadora/Calculadora.vhd:56]
CRITICAL WARNING: [Synth 8-6859] multi-driven net on pin /home/axel/Documentos/Calculadora/Calculadora.vhd-34.0, /home/axel/Documentos/Calculadora/Calculadora.vhd-50.0 with 1st driver pin 'VCC' [/home/axel/Documentos/Calculadora/Calculadora.vhd:34]
CRITICAL WARNING: [Synth 8-6859] multi-driven net on pin /home/axel/Documentos/Calculadora/Calculadora.vhd-34.0, /home/axel/Documentos/Calculadora/Calculadora.vhd-50.0 with 2nd driver pin 'GND' [/home/axel/Documentos/Calculadora/Calculadora.vhd:34]
CRITICAL WARNING: [Synth 8-6858] multi-driven net /home/axel/Documentos/Calculadora/Calculadora.vhd-34.0, /home/axel/Documentos/Calculadora/Calculadora.vhd-50.0 is connected to at least one constant driver which has been preserved, other driver is ignored [/home/axel/Documentos/Calculadora/Calculadora.vhd:34]
INFO: [Synth 8-256] done synthesizing module 'Calculadora' (1#1) [/home/axel/Documentos/Calculadora/Calculadora.vhd:50]
WARNING: [Synth 8-3917] design Calculadora has port display1 driven by constant 1
WARNING: [Synth 8-3917] design Calculadora has port display2 driven by constant 0
WARNING: [Synth 8-3917] design Calculadora has port display3 driven by constant 0
WARNING: [Synth 8-3917] design Calculadora has port display4 driven by constant 0
WARNING: [Synth 8-3331] design Calculadora has unconnected port dato1_input[4]
WARNING: [Synth 8-3331] design Calculadora has unconnected port dato1_input[3]
WARNING: [Synth 8-3331] design Calculadora has unconnected port dato1_input[2]
WARNING: [Synth 8-3331] design Calculadora has unconnected port dato1_input[1]
WARNING: [Synth 8-3331] design Calculadora has unconnected port dato1_input[0]
---------------------------------------------------------------------------------
Finished RTL Elaboration : Time (s): cpu = 00:00:08 ; elapsed = 00:00:09 . Memory (MB): peak = 1406.480 ; gain = 62.664 ; free physical = 524 ; free virtual = 2965
---------------------------------------------------------------------------------

Report Check Netlist: 
+------+------------------+-------+---------+-------+------------------+
|      |Item              |Errors |Warnings |Status |Description       |
+------+------------------+-------+---------+-------+------------------+
|1     |multi_driven_nets |      0|        0|Passed |Multi driven nets |
+------+------------------+-------+---------+-------+------------------+
---------------------------------------------------------------------------------
Start Handling Custom Attributes
---------------------------------------------------------------------------------
---------------------------------------------------------------------------------
Finished Handling Custom Attributes : Time (s): cpu = 00:00:08 ; elapsed = 00:00:09 . Memory (MB): peak = 1406.480 ; gain = 62.664 ; free physical = 525 ; free virtual = 2965
---------------------------------------------------------------------------------
---------------------------------------------------------------------------------
Finished RTL Optimization Phase 1 : Time (s): cpu = 00:00:08 ; elapsed = 00:00:09 . Memory (MB): peak = 1406.480 ; gain = 62.664 ; free physical = 525 ; free virtual = 2965
---------------------------------------------------------------------------------
INFO: [Device 21-403] Loading part xc7a35tcpg236-1
INFO: [Project 1-570] Preparing netlist for logic optimization

Processing XDC Constraints
Initializing timing engine
Parsing XDC File [/home/axel/Documentos/Calculadora/cst_Calculadora.xdc]
WARNING: [Vivado 12-507] No nets matched 'posicion_IBUF[2]'. [/home/axel/Documentos/Calculadora/cst_Calculadora.xdc:21]
CRITICAL WARNING: [Common 17-55] 'set_property' expects at least one object. [/home/axel/Documentos/Calculadora/cst_Calculadora.xdc:21]
Resolution: If [get_<value>] was used to populate the object, check to make sure this command returns at least one valid object.
Finished Parsing XDC File [/home/axel/Documentos/Calculadora/cst_Calculadora.xdc]
INFO: [Project 1-236] Implementation specific constraints were found while reading constraint file [/home/axel/Documentos/Calculadora/cst_Calculadora.xdc]. These constraints will be ignored for synthesis but will be used in implementation. Impacted constraints are listed in the file [.Xil/Calculadora_propImpl.xdc].
Resolution: To avoid this warning, move constraints listed in [.Xil/Calculadora_propImpl.xdc] to another XDC file and exclude this new file from synthesis with the used_in_synthesis property (File Properties dialog in GUI) and re-run elaboration/synthesis.
Netlist sorting complete. Time (s): cpu = 00:00:00 ; elapsed = 00:00:00 . Memory (MB): peak = 1637.902 ; gain = 0.000 ; free physical = 287 ; free virtual = 2727
Completed Processing XDC Constraints

Netlist sorting complete. Time (s): cpu = 00:00:00 ; elapsed = 00:00:00 . Memory (MB): peak = 1637.902 ; gain = 0.000 ; free physical = 288 ; free virtual = 2728
INFO: [Project 1-111] Unisim Transformation Summary:
No Unisim elements were transformed.

Netlist sorting complete. Time (s): cpu = 00:00:00 ; elapsed = 00:00:00 . Memory (MB): peak = 1637.902 ; gain = 0.000 ; free physical = 288 ; free virtual = 2728
Constraint Validation Runtime : Time (s): cpu = 00:00:00.01 ; elapsed = 00:00:00 . Memory (MB): peak = 1637.902 ; gain = 0.000 ; free physical = 288 ; free virtual = 2728
---------------------------------------------------------------------------------
Finished Constraint Validation : Time (s): cpu = 00:00:22 ; elapsed = 00:00:24 . Memory (MB): peak = 1637.902 ; gain = 294.086 ; free physical = 353 ; free virtual = 2794
---------------------------------------------------------------------------------
---------------------------------------------------------------------------------
Start Loading Part and Timing Information
---------------------------------------------------------------------------------
Loading part: xc7a35tcpg236-1
---------------------------------------------------------------------------------
Finished Loading Part and Timing Information : Time (s): cpu = 00:00:22 ; elapsed = 00:00:24 . Memory (MB): peak = 1637.902 ; gain = 294.086 ; free physical = 353 ; free virtual = 2794
---------------------------------------------------------------------------------
---------------------------------------------------------------------------------
Start Applying 'set_property' XDC Constraints
---------------------------------------------------------------------------------
---------------------------------------------------------------------------------
Finished applying 'set_property' XDC Constraints : Time (s): cpu = 00:00:22 ; elapsed = 00:00:24 . Memory (MB): peak = 1637.902 ; gain = 294.086 ; free physical = 355 ; free virtual = 2795
---------------------------------------------------------------------------------
WARNING: [Synth 8-327] inferring latch for variable 'display1_reg' [/home/axel/Documentos/Calculadora/Calculadora.vhd:60]
---------------------------------------------------------------------------------
Finished RTL Optimization Phase 2 : Time (s): cpu = 00:00:22 ; elapsed = 00:00:25 . Memory (MB): peak = 1637.902 ; gain = 294.086 ; free physical = 353 ; free virtual = 2793
---------------------------------------------------------------------------------

Report RTL Partitions: 
+-+--------------+------------+----------+
| |RTL Partition |Replication |Instances |
+-+--------------+------------+----------+
+-+--------------+------------+----------+
---------------------------------------------------------------------------------
Start RTL Component Statistics 
---------------------------------------------------------------------------------
Detailed RTL Component Info : 
---------------------------------------------------------------------------------
Finished RTL Component Statistics 
---------------------------------------------------------------------------------
---------------------------------------------------------------------------------
Start RTL Hierarchical Component Statistics 
---------------------------------------------------------------------------------
Hierarchical RTL Component report 
---------------------------------------------------------------------------------
Finished RTL Hierarchical Component Statistics
---------------------------------------------------------------------------------
---------------------------------------------------------------------------------
Start Part Resource Summary
---------------------------------------------------------------------------------
Part Resources:
DSPs: 90 (col length:60)
BRAMs: 100 (col length: RAMB18 60 RAMB36 30)
---------------------------------------------------------------------------------
Finished Part Resource Summary
---------------------------------------------------------------------------------
---------------------------------------------------------------------------------
Start Cross Boundary and Area Optimization
---------------------------------------------------------------------------------
Warning: Parallel synthesis criteria is not met 
WARNING: [Synth 8-3917] design Calculadora has port display1 driven by constant 1
WARNING: [Synth 8-3917] design Calculadora has port display2 driven by constant 0
WARNING: [Synth 8-3917] design Calculadora has port display3 driven by constant 0
WARNING: [Synth 8-3917] design Calculadora has port display4 driven by constant 0
WARNING: [Synth 8-3331] design Calculadora has unconnected port dato1_input[4]
WARNING: [Synth 8-3331] design Calculadora has unconnected port dato1_input[3]
WARNING: [Synth 8-3331] design Calculadora has unconnected port dato1_input[2]
WARNING: [Synth 8-3331] design Calculadora has unconnected port dato1_input[1]
WARNING: [Synth 8-3331] design Calculadora has unconnected port dato1_input[0]
WARNING: [Synth 8-3332] Sequential element (display1_reg) is unused and will be removed from module Calculadora.
CRITICAL WARNING: [Synth 8-6859] multi-driven net on pin Q with 1st driver pin 'display1_reg/Q' [/home/axel/Documentos/Calculadora/Calculadora.vhd:60]
CRITICAL WARNING: [Synth 8-6859] multi-driven net on pin Q with 2nd driver pin 'VCC' [/home/axel/Documentos/Calculadora/Calculadora.vhd:60]
CRITICAL WARNING: [Synth 8-6858] multi-driven net Q is connected to at least one constant driver which has been preserved, other driver is ignored [/home/axel/Documentos/Calculadora/Calculadora.vhd:60]
---------------------------------------------------------------------------------
Finished Cross Boundary and Area Optimization : Time (s): cpu = 00:00:23 ; elapsed = 00:00:26 . Memory (MB): peak = 1637.902 ; gain = 294.086 ; free physical = 351 ; free virtual = 2793
---------------------------------------------------------------------------------

Report RTL Partitions: 
+-+--------------+------------+----------+
| |RTL Partition |Replication |Instances |
+-+--------------+------------+----------+
+-+--------------+------------+----------+
---------------------------------------------------------------------------------
Start Applying XDC Timing Constraints
---------------------------------------------------------------------------------
---------------------------------------------------------------------------------
Finished Applying XDC Timing Constraints : Time (s): cpu = 00:00:40 ; elapsed = 00:00:43 . Memory (MB): peak = 1677.902 ; gain = 334.086 ; free physical = 228 ; free virtual = 2670
---------------------------------------------------------------------------------
---------------------------------------------------------------------------------
Start Timing Optimization
---------------------------------------------------------------------------------
---------------------------------------------------------------------------------
Finished Timing Optimization : Time (s): cpu = 00:00:40 ; elapsed = 00:00:43 . Memory (MB): peak = 1677.902 ; gain = 334.086 ; free physical = 228 ; free virtual = 2670
---------------------------------------------------------------------------------

Report RTL Partitions: 
+-+--------------+------------+----------+
| |RTL Partition |Replication |Instances |
+-+--------------+------------+----------+
+-+--------------+------------+----------+
---------------------------------------------------------------------------------
Start Technology Mapping
---------------------------------------------------------------------------------
---------------------------------------------------------------------------------
Finished Technology Mapping : Time (s): cpu = 00:00:40 ; elapsed = 00:00:43 . Memory (MB): peak = 1687.918 ; gain = 344.102 ; free physical = 227 ; free virtual = 2669
---------------------------------------------------------------------------------

Report RTL Partitions: 
+-+--------------+------------+----------+
| |RTL Partition |Replication |Instances |
+-+--------------+------------+----------+
+-+--------------+------------+----------+
---------------------------------------------------------------------------------
Start IO Insertion
---------------------------------------------------------------------------------
---------------------------------------------------------------------------------
Start Flattening Before IO Insertion
---------------------------------------------------------------------------------
---------------------------------------------------------------------------------
Finished Flattening Before IO Insertion
---------------------------------------------------------------------------------
---------------------------------------------------------------------------------
Start Final Netlist Cleanup
---------------------------------------------------------------------------------
---------------------------------------------------------------------------------
Finished Final Netlist Cleanup
---------------------------------------------------------------------------------
---------------------------------------------------------------------------------
Finished IO Insertion : Time (s): cpu = 00:00:42 ; elapsed = 00:00:45 . Memory (MB): peak = 1687.918 ; gain = 344.102 ; free physical = 227 ; free virtual = 2669
---------------------------------------------------------------------------------

Report Check Netlist: 
+------+------------------+-------+---------+-------+------------------+
|      |Item              |Errors |Warnings |Status |Description       |
+------+------------------+-------+---------+-------+------------------+
|1     |multi_driven_nets |      0|        0|Passed |Multi driven nets |
+------+------------------+-------+---------+-------+------------------+
---------------------------------------------------------------------------------
Start Renaming Generated Instances
---------------------------------------------------------------------------------
---------------------------------------------------------------------------------
Finished Renaming Generated Instances : Time (s): cpu = 00:00:42 ; elapsed = 00:00:45 . Memory (MB): peak = 1687.918 ; gain = 344.102 ; free physical = 227 ; free virtual = 2669
---------------------------------------------------------------------------------

Report RTL Partitions: 
+-+--------------+------------+----------+
| |RTL Partition |Replication |Instances |
+-+--------------+------------+----------+
+-+--------------+------------+----------+
---------------------------------------------------------------------------------
Start Rebuilding User Hierarchy
---------------------------------------------------------------------------------
---------------------------------------------------------------------------------
Finished Rebuilding User Hierarchy : Time (s): cpu = 00:00:42 ; elapsed = 00:00:45 . Memory (MB): peak = 1687.918 ; gain = 344.102 ; free physical = 227 ; free virtual = 2669
---------------------------------------------------------------------------------
---------------------------------------------------------------------------------
Start Renaming Generated Ports
---------------------------------------------------------------------------------
---------------------------------------------------------------------------------
Finished Renaming Generated Ports : Time (s): cpu = 00:00:42 ; elapsed = 00:00:45 . Memory (MB): peak = 1687.918 ; gain = 344.102 ; free physical = 227 ; free virtual = 2669
---------------------------------------------------------------------------------
---------------------------------------------------------------------------------
Start Handling Custom Attributes
---------------------------------------------------------------------------------
---------------------------------------------------------------------------------
Finished Handling Custom Attributes : Time (s): cpu = 00:00:42 ; elapsed = 00:00:45 . Memory (MB): peak = 1687.918 ; gain = 344.102 ; free physical = 227 ; free virtual = 2669
---------------------------------------------------------------------------------
---------------------------------------------------------------------------------
Start Renaming Generated Nets
---------------------------------------------------------------------------------
---------------------------------------------------------------------------------
Finished Renaming Generated Nets : Time (s): cpu = 00:00:42 ; elapsed = 00:00:45 . Memory (MB): peak = 1687.918 ; gain = 344.102 ; free physical = 227 ; free virtual = 2669
---------------------------------------------------------------------------------
---------------------------------------------------------------------------------
Start Writing Synthesis Report
---------------------------------------------------------------------------------

Report BlackBoxes: 
+-+--------------+----------+
| |BlackBox name |Instances |
+-+--------------+----------+
+-+--------------+----------+

Report Cell Usage: 
+------+-----+------+
|      |Cell |Count |
+------+-----+------+
|1     |OBUF |     9|
+------+-----+------+

Report Instance Areas: 
+------+---------+-------+------+
|      |Instance |Module |Cells |
+------+---------+-------+------+
|1     |top      |       |     9|
+------+---------+-------+------+
---------------------------------------------------------------------------------
Finished Writing Synthesis Report : Time (s): cpu = 00:00:42 ; elapsed = 00:00:45 . Memory (MB): peak = 1687.918 ; gain = 344.102 ; free physical = 227 ; free virtual = 2669
---------------------------------------------------------------------------------
Synthesis finished with 0 errors, 3 critical warnings and 11 warnings.
Synthesis Optimization Runtime : Time (s): cpu = 00:00:34 ; elapsed = 00:00:36 . Memory (MB): peak = 1687.918 ; gain = 112.680 ; free physical = 283 ; free virtual = 2725
Synthesis Optimization Complete : Time (s): cpu = 00:00:42 ; elapsed = 00:00:45 . Memory (MB): peak = 1687.926 ; gain = 344.102 ; free physical = 283 ; free virtual = 2725
INFO: [Project 1-571] Translating synthesized netlist
INFO: [Project 1-570] Preparing netlist for logic optimization
INFO: [Opt 31-138] Pushed 0 inverter(s) to 0 load pin(s).
Netlist sorting complete. Time (s): cpu = 00:00:00 ; elapsed = 00:00:00 . Memory (MB): peak = 1693.918 ; gain = 0.000 ; free physical = 224 ; free virtual = 2666
INFO: [Project 1-111] Unisim Transformation Summary:
No Unisim elements were transformed.

INFO: [Common 17-83] Releasing license: Synthesis
12 Infos, 32 Warnings, 7 Critical Warnings and 0 Errors encountered.
synth_design completed successfully
synth_design: Time (s): cpu = 00:00:45 ; elapsed = 00:00:47 . Memory (MB): peak = 1693.918 ; gain = 350.188 ; free physical = 273 ; free virtual = 2715
Netlist sorting complete. Time (s): cpu = 00:00:00 ; elapsed = 00:00:00 . Memory (MB): peak = 1693.918 ; gain = 0.000 ; free physical = 273 ; free virtual = 2715
WARNING: [Constraints 18-5210] No constraints selected for write.
Resolution: This message can indicate that there are no constraints for the design, or it can indicate that the used_in flags are set such that the constraints are ignored. This later case is used when running synth_design to not write synthesis constraints to the resulting checkpoint. Instead, project constraints are read when the synthesized design is opened.
INFO: [Common 17-1381] The checkpoint '/home/axel/Documentos/Calculadora/Calculadora.runs/synth_1/Calculadora.dcp' has been generated.
INFO: [runtcl-4] Executing : report_utilization -file Calculadora_utilization_synth.rpt -pb Calculadora_utilization_synth.pb
INFO: [Common 17-206] Exiting Vivado at Sun Apr 21 11:10:35 2019...
